<?xml version="1.0" encoding="UTF-8"?>
<testng-results skipped="0" failed="0" ignored="0" total="2" passed="2">
  <reporter-output>
  </reporter-output>
  <suite name="Default Suite" duration-ms="78030" started-at="2023-01-13T06:04:56Z" finished-at="2023-01-13T06:06:15Z">
    <groups>
    </groups>
    <test name="SeleniumDemo" duration-ms="78030" started-at="2023-01-13T06:04:56Z" finished-at="2023-01-13T06:06:15Z">
      <class name="TestPlan">
        <test-method status="PASS" signature="setUp()[pri:0, instance:TestPlan@17d99928]" name="setUp" is-config="true" duration-ms="56349" started-at="2023-01-13T06:04:57Z" finished-at="2023-01-13T06:05:53Z">
          <reporter-output>
          </reporter-output>
        </test-method> <!-- setUp -->
        <test-method status="PASS" signature="VerifyPageTitle()[pri:1, instance:TestPlan@17d99928]" name="VerifyPageTitle" duration-ms="775" started-at="2023-01-13T06:05:53Z" finished-at="2023-01-13T06:05:54Z">
          <reporter-output>
          </reporter-output>
        </test-method> <!-- VerifyPageTitle -->
        <test-method status="PASS" signature="Teardown()[pri:0, instance:TestPlan@17d99928]" name="Teardown" is-config="true" duration-ms="1971" started-at="2023-01-13T06:05:54Z" finished-at="2023-01-13T06:05:56Z">
          <reporter-output>
          </reporter-output>
        </test-method> <!-- Teardown -->
        <test-method status="PASS" signature="setUp()[pri:0, instance:TestPlan@17d99928]" name="setUp" is-config="true" duration-ms="12019" started-at="2023-01-13T06:05:56Z" finished-at="2023-01-13T06:06:08Z">
          <reporter-output>
          </reporter-output>
        </test-method> <!-- setUp -->
        <test-method status="PASS" signature="CheckOut()[pri:2, instance:TestPlan@17d99928]" name="CheckOut" duration-ms="6047" started-at="2023-01-13T06:06:08Z" finished-at="2023-01-13T06:06:14Z">
          <reporter-output>
          </reporter-output>
        </test-method> <!-- CheckOut -->
        <test-method status="PASS" signature="Teardown()[pri:0, instance:TestPlan@17d99928]" name="Teardown" is-config="true" duration-ms="826" started-at="2023-01-13T06:06:14Z" finished-at="2023-01-13T06:06:15Z">
          <reporter-output>
          </reporter-output>
        </test-method> <!-- Teardown -->
      </class> <!-- TestPlan -->
    </test> <!-- SeleniumDemo -->
  </suite> <!-- Default Suite -->
</testng-results>
